<?xml version="1.0" encoding="UTF-8"?>
<!-- Generated by org.testng.reporters.JUnitReportReporter -->
<testsuite hostname="Mandvi" failures="0" tests="1" name="tests.AccountInformationTest" time="23.970" errors="0" timestamp="2024-12-28T00:04:54 IST" skipped="0">
  <testcase classname="tests.AccountInformationTest" name="validAccountInformationFlow" time="23.970"/>
</testsuite> <!-- tests.AccountInformationTest -->
