<?xml version="1.0" encoding="UTF-8"?>
<!-- Generated by org.testng.reporters.JUnitReportReporter -->
<testsuite hostname="Mandvi" failures="0" tests="2" name="tests.LoginTest" time="5.465" errors="0" timestamp="2024-12-22T20:13:02 IST" skipped="0">
  <testcase classname="tests.LoginTest" name="testInvalidLogin" time="3.417"/>
  <testcase classname="tests.LoginTest" name="testValidLogin" time="2.048"/>
</testsuite> <!-- tests.LoginTest -->
